\BOOKMARK [1][-]{section.1}{\376\377\000I\000n\000t\000r\000o\000d\000u\000c\000t\000i\000o\000n\000\040\000t\000o\000\040\000T\000e\000r\000n\000a\000r\000y\000\040\000C\000o\000m\000p\000u\000t\000i\000n\000g}{}% 1
\BOOKMARK [2][-]{subsection.1.1}{\376\377\000B\000i\000n\000a\000r\000y\000\040\000v\000s\000.\000\040\000T\000e\000r\000n\000a\000r\000y\000\040\000N\000u\000m\000b\000e\000r\000\040\000S\000y\000s\000t\000e\000m\000s}{section.1}% 2
\BOOKMARK [2][-]{subsection.1.2}{\376\377\000I\000n\000f\000o\000r\000m\000a\000t\000i\000o\000n\000-\000T\000h\000e\000o\000r\000e\000t\000i\000c\000\040\000A\000d\000v\000a\000n\000t\000a\000g\000e\000s}{section.1}% 3
\BOOKMARK [2][-]{subsection.1.3}{\376\377\000T\000h\000e\000\040\000S\000o\000v\000i\000e\000t\000\040\000S\000e\000t\000u\000n\000\040\000C\000o\000m\000p\000u\000t\000e\000r\000\040\000\050\0001\0009\0005\0008\000\051}{section.1}% 4
\BOOKMARK [2][-]{subsection.1.4}{\376\377\000W\000h\000y\000\040\000S\000i\000m\000u\000l\000a\000t\000e\000\040\000a\000\040\000T\000e\000r\000n\000a\000r\000y\000\040\000C\000o\000m\000p\000u\000t\000e\000r\000\040\000i\000n\000\040\000S\000o\000f\000t\000w\000a\000r\000e\000?}{section.1}% 5
\BOOKMARK [2][-]{subsection.1.5}{\376\377\000S\000c\000o\000p\000e\000\040\000o\000f\000\040\000T\000h\000i\000s\000\040\000B\000o\000o\000k}{section.1}% 6
\BOOKMARK [2][-]{subsection.1.6}{\376\377\000V\000e\000r\000i\000f\000y\000i\000n\000g\000\040\000Y\000o\000u\000r\000\040\000E\000n\000v\000i\000r\000o\000n\000m\000e\000n\000t}{section.1}% 7
\BOOKMARK [1][-]{section.2}{\376\377\000D\000a\000t\000a\000\040\000R\000e\000p\000r\000e\000s\000e\000n\000t\000a\000t\000i\000o\000n}{}% 8
\BOOKMARK [1][-]{section.3}{\376\377\000L\000o\000g\000i\000c\000\040\000G\000a\000t\000e\000s}{}% 9
\BOOKMARK [1][-]{section.4}{\376\377\000A\000d\000d\000i\000t\000i\000o\000n\000\040\000P\000a\000t\000h\000s}{}% 10
\BOOKMARK [1][-]{section.5}{\376\377\000C\000P\000U\000\040\000A\000r\000c\000h\000i\000t\000e\000c\000t\000u\000r\000e}{}% 11
\BOOKMARK [2][-]{subsection.5.1}{\376\377\000R\000e\000g\000i\000s\000t\000e\000r\000s}{section.5}% 12
\BOOKMARK [2][-]{subsection.5.2}{\376\377\000M\000e\000m\000o\000r\000y\000\040\000M\000a\000p}{section.5}% 13
\BOOKMARK [2][-]{subsection.5.3}{\376\377\000F\000e\000t\000c\000h\000-\000D\000e\000c\000o\000d\000e\000-\000E\000x\000e\000c\000u\000t\000e\000\040\000C\000y\000c\000l\000e}{section.5}% 14
\BOOKMARK [3][-]{subsubsection.5.3.1}{\376\377\000F\000e\000t\000c\000h}{subsection.5.3}% 15
\BOOKMARK [3][-]{subsubsection.5.3.2}{\376\377\000D\000e\000c\000o\000d\000e}{subsection.5.3}% 16
\BOOKMARK [3][-]{subsubsection.5.3.3}{\376\377\000E\000x\000e\000c\000u\000t\000e}{subsection.5.3}% 17
\BOOKMARK [3][-]{subsubsection.5.3.4}{\376\377\000U\000p\000d\000a\000t\000e}{subsection.5.3}% 18
\BOOKMARK [2][-]{subsection.5.4}{\376\377\000D\000u\000a\000l\000\040\000S\000t\000a\000c\000k\000s}{section.5}% 19
\BOOKMARK [2][-]{subsection.5.5}{\376\377\000F\000l\000a\000g\000s}{section.5}% 20
\BOOKMARK [2][-]{subsection.5.6}{\376\377\000I\000n\000t\000e\000r\000r\000u\000p\000t\000s}{section.5}% 21
\BOOKMARK [1][-]{section.6}{\376\377\000I\000n\000s\000t\000r\000u\000c\000t\000i\000o\000n\000\040\000S\000e\000t}{}% 22
\BOOKMARK [2][-]{subsection.6.1}{\376\377\000D\000a\000t\000a\000\040\000M\000o\000v\000e\000m\000e\000n\000t}{section.6}% 23
\BOOKMARK [2][-]{subsection.6.2}{\376\377\000A\000r\000i\000t\000h\000m\000e\000t\000i\000c}{section.6}% 24
\BOOKMARK [2][-]{subsection.6.3}{\376\377\000L\000o\000g\000i\000c\000a\000l}{section.6}% 25
\BOOKMARK [2][-]{subsection.6.4}{\376\377\000C\000o\000m\000p\000a\000r\000i\000s\000o\000n}{section.6}% 26
\BOOKMARK [2][-]{subsection.6.5}{\376\377\000C\000o\000n\000t\000r\000o\000l\000\040\000F\000l\000o\000w}{section.6}% 27
\BOOKMARK [2][-]{subsection.6.6}{\376\377\000S\000u\000b\000r\000o\000u\000t\000i\000n\000e\000s}{section.6}% 28
\BOOKMARK [2][-]{subsection.6.7}{\376\377\000S\000t\000a\000c\000k}{section.6}% 29
\BOOKMARK [2][-]{subsection.6.8}{\376\377\000M\000e\000m\000o\000r\000y}{section.6}% 30
\BOOKMARK [2][-]{subsection.6.9}{\376\377\000I\000n\000t\000e\000r\000r\000u\000p\000t\000s}{section.6}% 31
\BOOKMARK [2][-]{subsection.6.10}{\376\377\000T\000i\000m\000e\000r}{section.6}% 32
\BOOKMARK [2][-]{subsection.6.11}{\376\377\000S\000y\000s\000t\000e\000m}{section.6}% 33
\BOOKMARK [1][-]{section.7}{\376\377\000A\000s\000s\000e\000m\000b\000l\000e\000r}{}% 34
\BOOKMARK [1][-]{section.8}{\376\377\000M\000a\000c\000h\000i\000n\000e\000\040\000C\000o\000d\000e}{}% 35
\BOOKMARK [1][-]{section.9}{\376\377\000O\000S\000\040\000S\000h\000e\000l\000l}{}% 36
\BOOKMARK [1][-]{section.10}{\376\377\000D\000i\000s\000p\000l\000a\000y\000\040\000S\000y\000s\000t\000e\000m}{}% 37
\BOOKMARK [1][-]{section.11}{\376\377\000P\000y\000Q\000t\0006\000\040\000D\000e\000s\000k\000t\000o\000p\000\040\000U\000I}{}% 38
\BOOKMARK [1][-]{section.12}{\376\377\000T\000e\000s\000t\000i\000n\000g}{}% 39
\BOOKMARK [1][-]{section.13}{\376\377\000R\000e\000l\000a\000t\000e\000d\000\040\000W\000o\000r\000k}{}% 40
\BOOKMARK [1][-]{section.14}{\376\377\000F\000u\000t\000u\000r\000e\000\040\000D\000i\000r\000e\000c\000t\000i\000o\000n\000s}{}% 41
